2014-08-30 10:38:56.071 SchedU[3508:70b] Multi-tasking -> Device: YES, App: YES
2014-08-30 10:38:56.082 SchedU[3508:70b] Unlimited access to network resources
2014-08-30 10:38:56.112 SchedU[3508:70b] [CDVTimer][keyboard] 0.087976ms
2014-08-30 10:38:56.112 SchedU[3508:70b] CDVPlugin class CDVStatusBar (pluginName: statusbar) does not exist.
2014-08-30 10:38:56.113 SchedU[3508:70b] [CDVTimer][statusbar] 0.460982ms
2014-08-30 10:38:56.113 SchedU[3508:70b] [CDVTimer][TotalPluginStartup] 1.479030ms
2014-08-30 10:38:56.244 SchedU[3508:70b] Resetting plugins due to page load.
2014-08-30 10:38:56.510 SchedU[3508:70b] Finished load of: file:///Users/adam/Library/Application%20Support/iPhone%20Simulator/7.1/Applications/13055F43-4374-4133-A93C-C749C1B9BD98/SchedU.app/www/index.html#/schedule
2014-08-30 10:41:53.350 SchedU[3971:70b] Multi-tasking -> Device: YES, App: YES
2014-08-30 10:41:53.360 SchedU[3971:70b] Unlimited access to network resources
2014-08-30 10:41:53.381 SchedU[3971:70b] [CDVTimer][keyboard] 0.084996ms
2014-08-30 10:41:53.381 SchedU[3971:70b] CDVPlugin class CDVStatusBar (pluginName: statusbar) does not exist.
2014-08-30 10:41:53.382 SchedU[3971:70b] [CDVTimer][statusbar] 0.486970ms
2014-08-30 10:41:53.382 SchedU[3971:70b] [CDVTimer][TotalPluginStartup] 1.639962ms
2014-08-30 10:41:53.487 SchedU[3971:70b] Resetting plugins due to page load.
2014-08-30 10:41:53.759 SchedU[3971:70b] Finished load of: file:///Users/adam/Library/Application%20Support/iPhone%20Simulator/7.1/Applications/13055F43-4374-4133-A93C-C749C1B9BD98/SchedU.app/www/index.html#/schedule
Terminating in response to SpringBoard's termination.
2014-08-30 10:55:25.592 SchedU[4501:70b] Multi-tasking -> Device: YES, App: YES
2014-08-30 10:55:25.601 SchedU[4501:70b] Unlimited access to network resources
2014-08-30 10:55:25.622 SchedU[4501:70b] [CDVTimer][keyboard] 0.090003ms
2014-08-30 10:55:25.622 SchedU[4501:70b] CDVPlugin class CDVStatusBar (pluginName: statusbar) does not exist.
2014-08-30 10:55:25.623 SchedU[4501:70b] [CDVTimer][statusbar] 0.415981ms
2014-08-30 10:55:25.623 SchedU[4501:70b] [CDVTimer][TotalPluginStartup] 1.438022ms
2014-08-30 10:55:25.732 SchedU[4501:70b] Resetting plugins due to page load.
2014-08-30 10:55:25.982 SchedU[4501:70b] Finished load of: file:///Users/adam/Library/Application%20Support/iPhone%20Simulator/7.1/Applications/13055F43-4374-4133-A93C-C749C1B9BD98/SchedU.app/www/index.html#/schedule
2014-08-30 10:57:52.584 SchedU[4957:70b] Multi-tasking -> Device: YES, App: YES
2014-08-30 10:57:52.593 SchedU[4957:70b] Unlimited access to network resources
2014-08-30 10:57:52.615 SchedU[4957:70b] [CDVTimer][keyboard] 0.086010ms
2014-08-30 10:57:52.615 SchedU[4957:70b] CDVPlugin class CDVStatusBar (pluginName: statusbar) does not exist.
2014-08-30 10:57:52.616 SchedU[4957:70b] [CDVTimer][statusbar] 0.468016ms
2014-08-30 10:57:52.616 SchedU[4957:70b] [CDVTimer][TotalPluginStartup] 1.531005ms
2014-08-30 10:57:52.726 SchedU[4957:70b] Resetting plugins due to page load.
2014-08-30 10:57:52.933 SchedU[4957:70b] Finished load of: file:///Users/adam/Library/Application%20Support/iPhone%20Simulator/7.1/Applications/13055F43-4374-4133-A93C-C749C1B9BD98/SchedU.app/www/index.html#/schedule
2014-08-30 11:21:51.480 SchedU[5831:70b] Multi-tasking -> Device: YES, App: YES
2014-08-30 11:21:51.489 SchedU[5831:70b] Unlimited access to network resources
2014-08-30 11:21:51.510 SchedU[5831:70b] [CDVTimer][keyboard] 0.083029ms
2014-08-30 11:21:51.510 SchedU[5831:70b] CDVPlugin class CDVStatusBar (pluginName: statusbar) does not exist.
2014-08-30 11:21:51.511 SchedU[5831:70b] [CDVTimer][statusbar] 0.431001ms
2014-08-30 11:21:51.512 SchedU[5831:70b] [CDVTimer][TotalPluginStartup] 1.697004ms
2014-08-30 11:21:51.628 SchedU[5831:70b] Resetting plugins due to page load.
2014-08-30 11:21:51.881 SchedU[5831:70b] Finished load of: file:///Users/adam/Library/Application%20Support/iPhone%20Simulator/7.1/Applications/13055F43-4374-4133-A93C-C749C1B9BD98/SchedU.app/www/index.html#/schedule
2014-08-30 11:31:11.196 SchedU[6328:70b] Multi-tasking -> Device: YES, App: YES
2014-08-30 11:31:11.205 SchedU[6328:70b] Unlimited access to network resources
2014-08-30 11:31:11.227 SchedU[6328:70b] [CDVTimer][keyboard] 0.083983ms
2014-08-30 11:31:11.228 SchedU[6328:70b] CDVPlugin class CDVStatusBar (pluginName: statusbar) does not exist.
2014-08-30 11:31:11.228 SchedU[6328:70b] [CDVTimer][statusbar] 0.373006ms
2014-08-30 11:31:11.228 SchedU[6328:70b] [CDVTimer][TotalPluginStartup] 1.376033ms
2014-08-30 11:31:11.336 SchedU[6328:70b] Resetting plugins due to page load.
2014-08-30 11:31:11.619 SchedU[6328:70b] Finished load of: file:///Users/adam/Library/Application%20Support/iPhone%20Simulator/7.1/Applications/13055F43-4374-4133-A93C-C749C1B9BD98/SchedU.app/www/index.html#/schedule
2014-08-31 14:48:25.961 SchedU[11139:70b] Multi-tasking -> Device: YES, App: YES
2014-08-31 14:48:25.971 SchedU[11139:70b] Unlimited access to network resources
2014-08-31 14:48:25.991 SchedU[11139:70b] [CDVTimer][keyboard] 0.082970ms
2014-08-31 14:48:25.992 SchedU[11139:70b] CDVPlugin class CDVStatusBar (pluginName: statusbar) does not exist.
2014-08-31 14:48:25.992 SchedU[11139:70b] [CDVTimer][statusbar] 0.433981ms
2014-08-31 14:48:25.992 SchedU[11139:70b] [CDVTimer][TotalPluginStartup] 1.506031ms
2014-08-31 14:48:26.105 SchedU[11139:70b] Resetting plugins due to page load.
2014-08-31 14:48:26.314 SchedU[11139:70b] Finished load of: file:///Users/adam/Library/Application%20Support/iPhone%20Simulator/7.1/Applications/13055F43-4374-4133-A93C-C749C1B9BD98/SchedU.app/www/index.html#/schedule
2014-08-31 14:48:32.112 SchedU[11139:70b] Received memory warning.
2014-08-31 14:49:04.926 SchedU[11612:70b] Multi-tasking -> Device: YES, App: YES
2014-08-31 14:49:04.935 SchedU[11612:70b] Unlimited access to network resources
2014-08-31 14:49:04.954 SchedU[11612:70b] [CDVTimer][keyboard] 0.083983ms
2014-08-31 14:49:04.955 SchedU[11612:70b] CDVPlugin class CDVStatusBar (pluginName: statusbar) does not exist.
2014-08-31 14:49:04.955 SchedU[11612:70b] [CDVTimer][statusbar] 0.425994ms
2014-08-31 14:49:04.956 SchedU[11612:70b] [CDVTimer][TotalPluginStartup] 1.462996ms
2014-08-31 14:49:05.072 SchedU[11612:70b] Resetting plugins due to page load.
2014-08-31 14:49:05.270 SchedU[11612:70b] Finished load of: file:///Users/adam/Library/Application%20Support/iPhone%20Simulator/7.1/Applications/16593ADB-1E8B-474D-BF72-86490FA4C5FF/SchedU.app/www/index.html#/schedule
2014-08-31 14:49:51.159 SchedU[11612:70b] Received memory warning.
2014-08-31 15:03:17.324 SchedU[12350:70b] Multi-tasking -> Device: YES, App: YES
2014-08-31 15:03:17.334 SchedU[12350:70b] Unlimited access to network resources
2014-08-31 15:03:17.357 SchedU[12350:70b] [CDVTimer][keyboard] 0.083983ms
2014-08-31 15:03:17.357 SchedU[12350:70b] CDVPlugin class CDVStatusBar (pluginName: statusbar) does not exist.
2014-08-31 15:03:17.358 SchedU[12350:70b] [CDVTimer][statusbar] 0.456989ms
2014-08-31 15:03:17.358 SchedU[12350:70b] [CDVTimer][TotalPluginStartup] 1.505971ms
2014-08-31 15:03:17.485 SchedU[12350:70b] Resetting plugins due to page load.
2014-08-31 15:03:17.757 SchedU[12350:70b] Finished load of: file:///Users/adam/Library/Application%20Support/iPhone%20Simulator/7.1/Applications/16593ADB-1E8B-474D-BF72-86490FA4C5FF/SchedU.app/www/index.html#/schedule
2014-08-31 15:03:27.870 SchedU[12350:70b] Received memory warning.
2014-08-31 15:05:02.744 SchedU[12856:70b] Multi-tasking -> Device: YES, App: YES
2014-08-31 15:05:02.754 SchedU[12856:70b] Unlimited access to network resources
2014-08-31 15:05:02.776 SchedU[12856:70b] [CDVTimer][keyboard] 0.081956ms
2014-08-31 15:05:02.777 SchedU[12856:70b] CDVPlugin class CDVStatusBar (pluginName: statusbar) does not exist.
2014-08-31 15:05:02.778 SchedU[12856:70b] [CDVTimer][statusbar] 0.441015ms
2014-08-31 15:05:02.778 SchedU[12856:70b] [CDVTimer][TotalPluginStartup] 2.167046ms
2014-08-31 15:05:02.923 SchedU[12856:70b] Resetting plugins due to page load.
2014-08-31 15:05:03.226 SchedU[12856:70b] Finished load of: file:///Users/adam/Library/Application%20Support/iPhone%20Simulator/7.1/Applications/16593ADB-1E8B-474D-BF72-86490FA4C5FF/SchedU.app/www/index.html#/schedule
2014-08-31 15:05:45.198 SchedU[12856:70b] Received memory warning.
